[2022-05-16T22:16:46.181] [ERROR] custom - Error en servidor Error: bind EADDRINUSE null:8080
[2022-05-16T22:16:46.407] [ERROR] custom - Error en servidor Error: bind EADDRINUSE null:8080
[2022-05-16T22:16:46.586] [ERROR] custom - Error en servidor Error: bind EADDRINUSE null:8080
[2022-05-16T22:16:46.888] [ERROR] custom - Error en servidor Error: bind EADDRINUSE null:8080
[2022-06-08T15:20:08.030] [ERROR] custom - Error: Value for argument "collectionPath" is not a valid resource path. Path must be a non-empty string.
    at Object.validateResourcePath (C:\Damian\BackEnd\Desafios\E-commerce\node_modules\@google-cloud\firestore\build\src\path.js:446:15)
    at Firestore.collection (C:\Damian\BackEnd\Desafios\E-commerce\node_modules\@google-cloud\firestore\build\src\index.js:591:16)
    at ContainerFirebase.getAll (file:///C:/Damian/BackEnd/Desafios/E-commerce/src/containers/ContainerFirebase.js:19:24)
    at Context.<anonymous> (file:///C:/Damian/BackEnd/Desafios/E-commerce/mocha.test.js:9:33)
    at callFn (C:\Users\USUARIO\AppData\Roaming\npm\node_modules\mocha\lib\runnable.js:366:21)
    at Test.Runnable.run (C:\Users\USUARIO\AppData\Roaming\npm\node_modules\mocha\lib\runnable.js:354:5)
    at Runner.runTest (C:\Users\USUARIO\AppData\Roaming\npm\node_modules\mocha\lib\runner.js:666:10)
    at C:\Users\USUARIO\AppData\Roaming\npm\node_modules\mocha\lib\runner.js:789:12
    at next (C:\Users\USUARIO\AppData\Roaming\npm\node_modules\mocha\lib\runner.js:581:14)
    at C:\Users\USUARIO\AppData\Roaming\npm\node_modules\mocha\lib\runner.js:591:7
    at next (C:\Users\USUARIO\AppData\Roaming\npm\node_modules\mocha\lib\runner.js:474:14)
    at Immediate._onImmediate (C:\Users\USUARIO\AppData\Roaming\npm\node_modules\mocha\lib\runner.js:559:5)
    at processImmediate (node:internal/timers:466:21)
[2022-06-08T15:22:40.552] [ERROR] custom - Error: Value for argument "collectionPath" is not a valid resource path. Path must be a non-empty string.
    at Object.validateResourcePath (C:\Damian\BackEnd\Desafios\E-commerce\node_modules\@google-cloud\firestore\build\src\path.js:446:15)
    at Firestore.collection (C:\Damian\BackEnd\Desafios\E-commerce\node_modules\@google-cloud\firestore\build\src\index.js:591:16)
    at ContainerFirebase.getAll (file:///C:/Damian/BackEnd/Desafios/E-commerce/src/containers/ContainerFirebase.js:19:24)
    at Context.<anonymous> (file:///C:/Damian/BackEnd/Desafios/E-commerce/mocha.test.js:9:39)
    at callFn (C:\Users\USUARIO\AppData\Roaming\npm\node_modules\mocha\lib\runnable.js:366:21)
    at Test.Runnable.run (C:\Users\USUARIO\AppData\Roaming\npm\node_modules\mocha\lib\runnable.js:354:5)
    at Runner.runTest (C:\Users\USUARIO\AppData\Roaming\npm\node_modules\mocha\lib\runner.js:666:10)
    at C:\Users\USUARIO\AppData\Roaming\npm\node_modules\mocha\lib\runner.js:789:12
    at next (C:\Users\USUARIO\AppData\Roaming\npm\node_modules\mocha\lib\runner.js:581:14)
    at C:\Users\USUARIO\AppData\Roaming\npm\node_modules\mocha\lib\runner.js:591:7
    at next (C:\Users\USUARIO\AppData\Roaming\npm\node_modules\mocha\lib\runner.js:474:14)
    at Immediate._onImmediate (C:\Users\USUARIO\AppData\Roaming\npm\node_modules\mocha\lib\runner.js:559:5)
    at processImmediate (node:internal/timers:466:21)
